#
# A fatal error has been detected by the Java Runtime Environment:
#
#  SIGSEGV (0xb) at pc=0x00000001122fbb34, pid=35147, tid=0x0000000000000307
#
# JRE version: Java(TM) SE Runtime Environment (8.0_261-b12) (build 1.8.0_261-b12)
# Java VM: Java HotSpot(TM) 64-Bit Server VM (25.261-b12 mixed mode bsd-amd64 compressed oops)
# Problematic frame:
# V  [libjvm.dylib+0x2fbb34]  jni_NewGlobalRef+0x43
#
# Failed to write core dump. Core dumps have been disabled. To enable core dumping, try "ulimit -c unlimited" before starting Java again
#
# If you would like to submit a bug report, please visit:
#   http://bugreport.java.com/bugreport/crash.jsp
#

---------------  T H R E A D  ---------------

Current thread is native thread

siginfo: si_signo: 11 (SIGSEGV), si_code: 1 (SEGV_MAPERR), si_addr: 0x0000000000000270

Registers:
RAX=0x000000000000dead, RBX=0x0000000000000000, RCX=0x00000001169cbe00, RDX=0x00007fae27968218
RSP=0x00007ffee2428c80, RBP=0x00007ffee2428cd0, RSI=0x00007fae27968218, RDI=0x00007fae2806d000
R8 =0x0000000000000010, R9 =0x0000000000000000, R10=0x000000012ced9ea0, R11=0x000000012ced60af
R12=0x0000000000000260, R13=0x00007fae2b95b8b0, R14=0x00007fae27968218, R15=0x00007fae2806d1f8
RIP=0x00000001122fbb34, EFLAGS=0x0000000000010246, ERR=0x0000000000000006
  TRAPNO=0x000000000000000e

Top of Stack: (sp=0x00007ffee2428c80)
0x00007ffee2428c80:   00007fae27968218 00007fff7cccd431
0x00007ffee2428c90:   00007fae2b96a270 00007fff201d2d00
0x00007ffee2428ca0:   0000000000000000 0000000000000000
0x00007ffee2428cb0:   3fd9ae89eba6aca7 00007fae2806d1f8
0x00007ffee2428cc0:   00007fae2b96a270 00007fae27968218
0x00007ffee2428cd0:   00007ffee2428cf0 00007fff6e45975a
0x00007ffee2428ce0:   00007fae2806d1f8 00007fae2806d1f8
0x00007ffee2428cf0:   00007ffee2428d20 000000012e7c2578
0x00007ffee2428d00:   00007fae2b98bec0 00007fff211d740d
0x00007ffee2428d10:   0000000000000000 00007fae2b954a60
0x00007ffee2428d20:   00007ffee2428d40 00007fff6e45b70f
0x00007ffee2428d30:   00007fae2700d038 00007fae2650bcc0
0x00007ffee2428d40:   00007ffee2428db0 00007fff211d74d9
0x00007ffee2428d50:   00007fae2700d038 00007fae2b954a60
0x00007ffee2428d60:   00007fff7c548b15 00007fae2650bcc0
0x00007ffee2428d70:   00007fff7c5498bd 00007fff7c57d5dc
0x00007ffee2428d80:   00007fff7c5498c2 00007fae2b95c0e0
0x00007ffee2428d90:   00007fff211d740d 00000000ffffff00
0x00007ffee2428da0:   00007fae2b954a60 0000000000000000
0x00007ffee2428db0:   00007ffee2428dc0 00007fff2042e9fc
0x00007ffee2428dc0:   00007ffee2428df0 00007fff2042e964
0x00007ffee2428dd0:   00007fae2650f350 00007fae2650f4b0
0x00007ffee2428de0:   00007fae2650f350 00007ffee2428e28
0x00007ffee2428df0:   00007ffee2428e60 00007fff2042e6df
0x00007ffee2428e00:   00007fae2650f4b0 0000000000000000
0x00007ffee2428e10:   00007fae2650f4c0 00007fae2650f360
0x00007ffee2428e20:   0000000000000004 00007fae2b95c0e0
0x00007ffee2428e30:   4ee7c0b15ddf00ea 0000000000000000
0x00007ffee2428e40:   00007fae2650f350 00000000ffffff00
0x00007ffee2428e50:   0000000000000c03 00007fae2650f4b0
0x00007ffee2428e60:   00007ffee2429ba0 00007fff2042d111
0x00007ffee2428e70:   00007fff2a6cc000 0000000000001303 

Instructions: (pc=0x00000001122fbb34)
0x00000001122fbb14:   de 00 00 74 17 8b 83 88 02 00 00 3d ac de 00 00
0x00000001122fbb24:   74 0a 48 89 df e8 24 76 26 00 31 db 48 89 5d d8
0x00000001122fbb34:   c7 83 70 02 00 00 05 00 00 00 48 8d 05 9b c0 42
0x00000001122fbb44:   00 83 38 01 75 0d 48 8d 05 8a 2c 42 00 8a 00 24 

Register to memory mapping:

RAX=0x000000000000dead is an unknown value
RBX=0x0000000000000000 is an unknown value
RCX=0x00000001169cbe00 is an unknown value
RDX=0x00007fae27968218 is a global jni handle
RSP=0x00007ffee2428c80 is an unknown value
RBP=0x00007ffee2428cd0 is an unknown value
RSI=0x00007fae27968218 is a global jni handle
RDI=0x00007fae2806d000 is an unknown value
R8 =0x0000000000000010 is an unknown value
R9 =0x0000000000000000 is an unknown value
R10=0x000000012ced9ea0: OBJC_METACLASS_$_ThreadUtilities+0 in /Library/Java/JavaVirtualMachines/jdk1.8.0_261.jdk/Contents/Home/jre/lib/libosxapp.dylib at 0x000000012ced2000
R11=0x000000012ced60af: +[ThreadUtilities getJNIEnv]+0 in /Library/Java/JavaVirtualMachines/jdk1.8.0_261.jdk/Contents/Home/jre/lib/libosxapp.dylib at 0x000000012ced2000
R12=0x0000000000000260 is an unknown value
R13=0x00007fae2b95b8b0 is an unknown value
R14=0x00007fae27968218 is a global jni handle
R15=0x00007fae2806d1f8 is an unknown value


Stack: [0x00007ffee1c2c000,0x00007ffee242c000],  sp=0x00007ffee2428c80,  free space=8179k
Native frames: (J=compiled Java code, j=interpreted, Vv=VM code, C=native code)
V  [libjvm.dylib+0x2fbb34]  jni_NewGlobalRef+0x43
C  [JavaNativeFoundation+0x775a]  JNFNewGlobalRef+0x17
C  [libawt_lwawt.dylib+0x8578]  -[AWTView setInputMethod:]+0x50
C  [JavaNativeFoundation+0x970f]  +[JNFRunLoop _performCopiedBlock:]+0xf
C  [Foundation+0x804d9]  __NSThreadPerformPerform+0xcc
C  [CoreFoundation+0x819fc]  __CFRUNLOOP_IS_CALLING_OUT_TO_A_SOURCE0_PERFORM_FUNCTION__+0x11
C  [CoreFoundation+0x81964]  __CFRunLoopDoSource0+0xb4
C  [CoreFoundation+0x816df]  __CFRunLoopDoSources0+0xf8
C  [CoreFoundation+0x80111]  __CFRunLoopRun+0x37a
C  [CoreFoundation+0x7f6be]  CFRunLoopRunSpecific+0x233
C  [java+0x5312]  CreateExecutionEnvironment+0x37e
C  [java+0x183e]  JLI_Launch+0x75e
C  [java+0x7c79]  main+0x44
C  [libdyld.dylib+0x15631]  start+0x1


---------------  P R O C E S S  ---------------

VM state:not at safepoint (normal execution)

VM Mutex/Monitor currently owned by a thread: None

heap address: 0x0000000740000000, size: 2048 MB, Compressed Oops mode: Zero based, Oop shift amount: 3
Narrow klass base: 0x0000000000000000, Narrow klass shift: 3
Compressed class space size: 1073741824 Address: 0x00000007c0000000

Heap:
 PSYoungGen      total 38400K, used 10261K [0x0000000795580000, 0x0000000798000000, 0x00000007c0000000)
  eden space 33280K, 20% used [0x0000000795580000,0x0000000795c41ff8,0x0000000797600000)
  from space 5120K, 65% used [0x0000000797600000,0x0000000797943780,0x0000000797b00000)
  to   space 5120K, 0% used [0x0000000797b00000,0x0000000797b00000,0x0000000798000000)
 ParOldGen       total 87552K, used 16K [0x0000000740000000, 0x0000000745580000, 0x0000000795580000)
  object space 87552K, 0% used [0x0000000740000000,0x0000000740004000,0x0000000745580000)
 Metaspace       used 18160K, capacity 18806K, committed 18944K, reserved 1064960K
  class space    used 2372K, capacity 2527K, committed 2560K, reserved 1048576K

Card table byte_map: [0x0000000112e0c000,0x000000011320d000] byte_map_base: 0x000000010f40c000

Marking Bits: (ParMarkBitMap*) 0x0000000112728748
 Begin Bits: [0x0000000125a0c000, 0x0000000127a0c000)
 End Bits:   [0x0000000127a0c000, 0x0000000129a0c000)

Polling page: 0x000000010d84c000

CodeCache: size=245760Kb used=3540Kb max_used=3540Kb free=242219Kb
 bounds [0x0000000116a0c000, 0x0000000116d8c000, 0x0000000125a0c000]
 total_blobs=1693 nmethods=940 adapters=667
 compilation: enabled

Compilation events (10 events):
Event: 5.350 Thread 0x00007fae2902a800  927       1       sun.java2d.SurfaceData::isValid (5 bytes)
Event: 5.350 Thread 0x00007fae2902a800 nmethod 927 0x0000000116d75910 code [0x0000000116d75a60, 0x0000000116d75b70]
Event: 5.351 Thread 0x00007fae2902a800  928       3       java.lang.Math::max (45 bytes)
Event: 5.351 Thread 0x00007fae2902a800 nmethod 928 0x0000000116d75150 code [0x0000000116d752c0, 0x0000000116d75610]
Event: 5.351 Thread 0x00007fae2902a800  929       3       java.lang.Math::min (45 bytes)
Event: 5.351 Thread 0x00007fae2902a800 nmethod 929 0x0000000116d74c10 code [0x0000000116d74d80, 0x0000000116d750d0]
Event: 5.352 Thread 0x00007fae2902a800  930       1       sun.lwawt.LWComponentPeer::getStateLock (5 bytes)
Event: 5.352 Thread 0x00007fae2902a800 nmethod 930 0x0000000116d7e650 code [0x0000000116d7e7a0, 0x0000000116d7e8b0]
Event: 5.356 Thread 0x00007fae2900c800  931       4       java.lang.String::equals (81 bytes)
Event: 5.359 Thread 0x00007fae2900c800 nmethod 931 0x0000000116d81950 code [0x0000000116d81aa0, 0x0000000116d81cf8]

GC Heap History (2 events):
Event: 1.119 GC heap before
{Heap before GC invocations=1 (full 0):
 PSYoungGen      total 38400K, used 33280K [0x0000000795580000, 0x0000000798000000, 0x00000007c0000000)
  eden space 33280K, 100% used [0x0000000795580000,0x0000000797600000,0x0000000797600000)
  from space 5120K, 0% used [0x0000000797b00000,0x0000000797b00000,0x0000000798000000)
  to   space 5120K, 0% used [0x0000000797600000,0x0000000797600000,0x0000000797b00000)
 ParOldGen       total 87552K, used 0K [0x0000000740000000, 0x0000000745580000, 0x0000000795580000)
  object space 87552K, 0% used [0x0000000740000000,0x0000000740000000,0x0000000745580000)
 Metaspace       used 16383K, capacity 16904K, committed 17152K, reserved 1064960K
  class space    used 2135K, capacity 2268K, committed 2304K, reserved 1048576K
Event: 1.124 GC heap after
Heap after GC invocations=1 (full 0):
 PSYoungGen      total 38400K, used 3341K [0x0000000795580000, 0x0000000798000000, 0x00000007c0000000)
  eden space 33280K, 0% used [0x0000000795580000,0x0000000795580000,0x0000000797600000)
  from space 5120K, 65% used [0x0000000797600000,0x0000000797943780,0x0000000797b00000)
  to   space 5120K, 0% used [0x0000000797b00000,0x0000000797b00000,0x0000000798000000)
 ParOldGen       total 87552K, used 16K [0x0000000740000000, 0x0000000745580000, 0x0000000795580000)
  object space 87552K, 0% used [0x0000000740000000,0x0000000740004000,0x0000000745580000)
 Metaspace       used 16383K, capacity 16904K, committed 17152K, reserved 1064960K
  class space    used 2135K, capacity 2268K, committed 2304K, reserved 1048576K
}

Deoptimization events (8 events):
Event: 0.458 Thread 0x00007fae2700e800 Uncommon trap: reason=unstable_if action=reinterpret pc=0x0000000116bc71fc method=java.lang.String.replace(CC)Ljava/lang/String; @ 2
Event: 0.554 Thread 0x00007fae2700e800 Uncommon trap: reason=unstable_if action=reinterpret pc=0x0000000116bdeaa8 method=java.lang.String.indexOf([CII[CIII)I @ 134
Event: 0.959 Thread 0x00007fae2806d000 Uncommon trap: reason=unstable_if action=reinterpret pc=0x0000000116c8e6f8 method=java.lang.String.replace(CC)Ljava/lang/String; @ 26
Event: 2.797 Thread 0x00007fae2913d800 Uncommon trap: reason=class_check action=maybe_recompile pc=0x0000000116b28d50 method=java.lang.String.equals(Ljava/lang/Object;)Z @ 8
Event: 2.797 Thread 0x00007fae2913d800 Uncommon trap: reason=class_check action=maybe_recompile pc=0x0000000116b28d50 method=java.lang.String.equals(Ljava/lang/Object;)Z @ 8
Event: 5.350 Thread 0x00007fae2913d800 Uncommon trap: reason=class_check action=maybe_recompile pc=0x0000000116cd887c method=java.util.HashMap.getNode(ILjava/lang/Object;)Ljava/util/HashMap$Node; @ 126
Event: 5.351 Thread 0x00007fae2913d800 Uncommon trap: reason=class_check action=maybe_recompile pc=0x0000000116b28d50 method=java.lang.String.equals(Ljava/lang/Object;)Z @ 8
Event: 5.351 Thread 0x00007fae2913d800 Uncommon trap: reason=class_check action=maybe_recompile pc=0x0000000116b28d50 method=java.lang.String.equals(Ljava/lang/Object;)Z @ 8

Classes redefined (0 events):
No events

Internal exceptions (10 events):
Event: 0.166 Thread 0x00007fae2700e800 Exception <a 'java/security/PrivilegedActionException'> (0x0000000795a1f080) thrown at [/jenkins/workspace/8-2-build-macosx-x86_64/jdk8u261/295/hotspot/src/share/vm/prims/jvm.cpp, line 1512]
Event: 0.166 Thread 0x00007fae2700e800 Exception <a 'java/security/PrivilegedActionException'> (0x0000000795a223b0) thrown at [/jenkins/workspace/8-2-build-macosx-x86_64/jdk8u261/295/hotspot/src/share/vm/prims/jvm.cpp, line 1512]
Event: 0.166 Thread 0x00007fae2700e800 Exception <a 'java/security/PrivilegedActionException'> (0x0000000795a225c0) thrown at [/jenkins/workspace/8-2-build-macosx-x86_64/jdk8u261/295/hotspot/src/share/vm/prims/jvm.cpp, line 1512]
Event: 0.167 Thread 0x00007fae2700e800 Exception <a 'java/lang/NullPointerException'> (0x0000000795a22fc8) thrown at [/jenkins/workspace/8-2-build-macosx-x86_64/jdk8u261/295/hotspot/src/share/vm/interpreter/linkResolver.cpp, line 1185]
Event: 0.557 Thread 0x00007fae2700e800 Exception <a 'java/io/FileNotFoundException'> (0x00000007962a3978) thrown at [/jenkins/workspace/8-2-build-macosx-x86_64/jdk8u261/295/hotspot/src/share/vm/prims/jni.cpp, line 710]
Event: 0.557 Thread 0x00007fae2700e800 Exception <a 'java/io/FileNotFoundException'> (0x00000007962a4500) thrown at [/jenkins/workspace/8-2-build-macosx-x86_64/jdk8u261/295/hotspot/src/share/vm/prims/jni.cpp, line 710]
Event: 0.575 Thread 0x00007fae2700e800 Exception <a 'java/io/FileNotFoundException'> (0x00000007962e4338) thrown at [/jenkins/workspace/8-2-build-macosx-x86_64/jdk8u261/295/hotspot/src/share/vm/prims/jni.cpp, line 710]
Event: 0.988 Thread 0x00007fae2806d000 Exception <a 'java/lang/NullPointerException'> (0x0000000796e64368) thrown at [/jenkins/workspace/8-2-build-macosx-x86_64/jdk8u261/295/hotspot/src/share/vm/interpreter/linkResolver.cpp, line 1185]
Event: 0.988 Thread 0x00007fae2806d000 Exception <a 'java/lang/NullPointerException'> (0x0000000796e64368) thrown at [/jenkins/workspace/8-2-build-macosx-x86_64/jdk8u261/295/hotspot/src/share/vm/prims/jvm.cpp, line 1516]
Event: 1.126 Thread 0x00007fae27021000 Exception <a 'java/lang/NullPointerException'> (0x00000007955f52d0) thrown at [/jenkins/workspace/8-2-build-macosx-x86_64/jdk8u261/295/hotspot/src/share/vm/interpreter/linkResolver.cpp, line 1185]

Events (10 events):
Event: 5.356 Thread 0x00007fae2c031000 Thread exited: 0x00007fae2c031000
Event: 5.356 Thread 0x00007fae29165800 Thread exited: 0x00007fae29165800
Event: 5.356 Thread 0x00007fae2700e800 Thread exited: 0x00007fae2700e800
Event: 5.356 Thread 0x00007fae2806d000 Thread exited: 0x00007fae2806d000
Event: 5.356 Thread 0x00007fae28a24000 Thread added: 0x00007fae28a24000
Event: 5.359 loading class sun/awt/im/InputMethodWindow
Event: 5.359 loading class sun/awt/im/InputMethodWindow done
Event: 5.359 loading class javax/swing/text/JTextComponent$InputMethodRequestsHandler
Event: 5.359 loading class javax/swing/text/JTextComponent$InputMethodRequestsHandler done
Event: 5.360 loading class sun/awt/im/CompositionAreaHandler


Dynamic libraries:
0x00007fff34f28000 	/System/Library/Frameworks/Cocoa.framework/Versions/A/Cocoa
0x00007fff221e3000 	/System/Library/Frameworks/Security.framework/Versions/A/Security
0x00007fff33177000 	/System/Library/Frameworks/ApplicationServices.framework/Versions/A/ApplicationServices
0x00007fff2a450000 	/usr/lib/libz.1.dylib
0x00007fff2a518000 	/usr/lib/libSystem.B.dylib
0x00007fff203ad000 	/System/Library/Frameworks/CoreFoundation.framework/Versions/A/CoreFoundation
0x00007fff21157000 	/System/Library/Frameworks/Foundation.framework/Versions/C/Foundation
0x00007fff201cd000 	/usr/lib/libobjc.A.dylib
0x00007fff22c07000 	/System/Library/Frameworks/AppKit.framework/Versions/C/AppKit
0x00007fff25a90000 	/System/Library/Frameworks/CoreData.framework/Versions/A/CoreData
0x00007fff23964000 	/System/Library/PrivateFrameworks/UIFoundation.framework/Versions/A/UIFoundation
0x00007fff2fb5a000 	/System/Library/PrivateFrameworks/RemoteViewServices.framework/Versions/A/RemoteViewServices
0x00007fff2897c000 	/System/Library/PrivateFrameworks/XCTTargetBootstrap.framework/Versions/A/XCTTargetBootstrap
0x00007fff2b657000 	/usr/lib/libspindump.dylib
0x00007fff23bb8000 	/System/Library/Frameworks/UniformTypeIdentifiers.framework/Versions/A/UniformTypeIdentifiers
0x00007fff2714e000 	/usr/lib/libapp_launch_measurement.dylib
0x00007fff27151000 	/System/Library/PrivateFrameworks/CoreAutoLayout.framework/Versions/A/CoreAutoLayout
0x00007fff282dd000 	/System/Library/Frameworks/Metal.framework/Versions/A/Metal
0x00007fff28fcb000 	/usr/lib/liblangid.dylib
0x00007fff28980000 	/System/Library/PrivateFrameworks/CoreSVG.framework/Versions/A/CoreSVG
0x00007fff24b9f000 	/System/Library/PrivateFrameworks/SkyLight.framework/Versions/A/SkyLight
0x00007fff24efe000 	/System/Library/Frameworks/CoreGraphics.framework/Versions/A/CoreGraphics
0x00007fff301b1000 	/System/Library/Frameworks/Accelerate.framework/Versions/A/Accelerate
0x00007fff2b092000 	/System/Library/PrivateFrameworks/IconServices.framework/Versions/A/IconServices
0x00007fff282be000 	/System/Library/Frameworks/IOSurface.framework/Versions/A/IOSurface
0x00007fff26418000 	/usr/lib/libDiagnosticMessagesClient.dylib
0x00007fff28968000 	/System/Library/PrivateFrameworks/DFRFoundation.framework/Versions/A/DFRFoundation
0x00007fff22533000 	/usr/lib/libicucore.A.dylib
0x00007fff2cb94000 	/System/Library/Frameworks/AudioToolbox.framework/Versions/A/AudioToolbox
0x00007fff2be3f000 	/System/Library/PrivateFrameworks/DataDetectorsCore.framework/Versions/A/DataDetectorsCore
0x00007fff28668000 	/System/Library/Frameworks/Carbon.framework/Versions/A/Frameworks/HIToolbox.framework/Versions/A/HIToolbox
0x00007fff26bb1000 	/System/Library/Frameworks/QuartzCore.framework/Versions/A/QuartzCore
0x00007fff2fb96000 	/System/Library/Frameworks/Carbon.framework/Versions/A/Frameworks/SpeechRecognition.framework/Versions/A/SpeechRecognition
0x00007fff26eb6000 	/System/Library/PrivateFrameworks/CoreUI.framework/Versions/A/CoreUI
0x00007fff21b3f000 	/System/Library/Frameworks/CoreAudio.framework/Versions/A/CoreAudio
0x00007fff26503000 	/System/Library/Frameworks/DiskArbitration.framework/Versions/A/DiskArbitration
0x00007fff2ba50000 	/System/Library/PrivateFrameworks/MultitouchSupport.framework/Versions/A/MultitouchSupport
0x00007fff2be36000 	/System/Library/PrivateFrameworks/InternationalSupport.framework/Versions/A/InternationalSupport
0x00007fff24b13000 	/usr/lib/libenergytrace.dylib
0x00007fff22b01000 	/System/Library/Frameworks/IOKit.framework/Versions/A/IOKit
0x00007fff2fee3000 	/System/Library/Frameworks/CoreServices.framework/Versions/A/CoreServices
0x00007fff270e4000 	/System/Library/PrivateFrameworks/PerformanceAnalysis.framework/Versions/A/PerformanceAnalysis
0x00007fff6b3cb000 	/System/Library/Frameworks/OpenGL.framework/Versions/A/OpenGL
0x00007fff2bebb000 	/System/Library/PrivateFrameworks/UserActivity.framework/Versions/A/UserActivity
0x00007fff25592000 	/System/Library/Frameworks/ColorSync.framework/Versions/A/ColorSync
0x00007fff28be4000 	/System/Library/Frameworks/CoreImage.framework/Versions/A/CoreImage
0x00007fff21955000 	/System/Library/Frameworks/CoreText.framework/Versions/A/CoreText
0x00007fff289aa000 	/System/Library/Frameworks/ImageIO.framework/Versions/A/ImageIO
0x00007fff2a51e000 	/System/Library/PrivateFrameworks/SoftLinking.framework/Versions/A/SoftLinking
0x00007fff2719a000 	/usr/lib/libxml2.2.dylib
0x00007fff20292000 	/usr/lib/libc++.1.dylib
0x00007fff2a790000 	/usr/lib/libcompression.dylib
0x00007fff24b14000 	/usr/lib/libMobileGestalt.dylib
0x00007fff2bd69000 	/System/Library/PrivateFrameworks/TextureIO.framework/Versions/A/TextureIO
0x00007fff2adb6000 	/usr/lib/libate.dylib
0x00007fff2a512000 	/usr/lib/system/libcache.dylib
0x00007fff2a4ce000 	/usr/lib/system/libcommonCrypto.dylib
0x00007fff2a4f8000 	/usr/lib/system/libcompiler_rt.dylib
0x00007fff2a4ed000 	/usr/lib/system/libcopyfile.dylib
0x00007fff200bf000 	/usr/lib/system/libcorecrypto.dylib
0x00007fff20188000 	/usr/lib/system/libdispatch.dylib
0x00007fff2033c000 	/usr/lib/system/libdyld.dylib
0x00007fff2a509000 	/usr/lib/system/libkeymgr.dylib
0x00007fff2d943000 	/usr/lib/system/liblaunch.dylib
0x00007fff2a4ac000 	/usr/lib/system/libmacho.dylib
0x00007fff29cc7000 	/usr/lib/system/libquarantine.dylib
0x00007fff2a506000 	/usr/lib/system/libremovefile.dylib
0x00007fff24b70000 	/usr/lib/system/libsystem_asl.dylib
0x00007fff2006f000 	/usr/lib/system/libsystem_blocks.dylib
0x00007fff20209000 	/usr/lib/system/libsystem_c.dylib
0x00007fff2a500000 	/usr/lib/system/libsystem_collections.dylib
0x00007fff28fbc000 	/usr/lib/system/libsystem_configuration.dylib
0x00007fff282ad000 	/usr/lib/system/libsystem_containermanager.dylib
0x00007fff2a248000 	/usr/lib/system/libsystem_coreservices.dylib
0x00007fff22795000 	/usr/lib/system/libsystem_darwin.dylib
0x00007fff2a50a000 	/usr/lib/system/libsystem_dnssd.dylib
0x00007fff20206000 	/usr/lib/system/libsystem_featureflags.dylib
0x00007fff20381000 	/usr/lib/system/libsystem_info.dylib
0x00007fff2a463000 	/usr/lib/system/libsystem_m.dylib
0x00007fff2015b000 	/usr/lib/system/libsystem_malloc.dylib
0x00007fff24b04000 	/usr/lib/system/libsystem_networkextension.dylib
0x00007fff22baf000 	/usr/lib/system/libsystem_notify.dylib
0x00007fff2fde1000 	/usr/lib/system/libsystem_product_info_filter.dylib
0x00007fff28fc0000 	/usr/lib/system/libsystem_sandbox.dylib
0x00007fff2a503000 	/usr/lib/system/libsystem_secinit.dylib
0x00007fff20301000 	/usr/lib/system/libsystem_kernel.dylib
0x00007fff20377000 	/usr/lib/system/libsystem_platform.dylib
0x00007fff20330000 	/usr/lib/system/libsystem_pthread.dylib
0x00007fff26266000 	/usr/lib/system/libsystem_symptoms.dylib
0x00007fff200a7000 	/usr/lib/system/libsystem_trace.dylib
0x00007fff2a4da000 	/usr/lib/system/libunwind.dylib
0x00007fff20071000 	/usr/lib/system/libxpc.dylib
0x00007fff202e8000 	/usr/lib/libc++abi.dylib
0x00007fff2a4e5000 	/usr/lib/liboah.dylib
0x00007fff2ab9b000 	/usr/lib/liblzma.5.dylib
0x00007fff20e6d000 	/System/Library/Frameworks/SystemConfiguration.framework/Versions/A/SystemConfiguration
0x00007fff2a51a000 	/usr/lib/libfakelink.dylib
0x00007fff24666000 	/System/Library/Frameworks/CFNetwork.framework/Versions/A/CFNetwork
0x00007fff2a65a000 	/usr/lib/libarchive.2.dylib
0x00007fff20eea000 	/usr/lib/libCRFSuite.dylib
0x00007fff29cee000 	/usr/lib/libbsm.0.dylib
0x00007fff24022000 	/usr/lib/libnetwork.dylib
0x00007fff2a51f000 	/usr/lib/libpcap.A.dylib
0x00007fff2625f000 	/usr/lib/libdns_services.dylib
0x00007fff2abb4000 	/usr/lib/libcoretls_cfhelpers.dylib
0x00007fff2a75e000 	/usr/lib/libapple_nghttp2.dylib
0x00007fff2a4b2000 	/usr/lib/system/libkxld.dylib
0x00007fff25ec5000 	/usr/lib/libsqlite3.dylib
0x00007fff2a22a000 	/System/Library/PrivateFrameworks/AppleFSCompression.framework/Versions/A/AppleFSCompression
0x00007fff29cd6000 	/usr/lib/libcoretls.dylib
0x00007fff2a78b000 	/usr/lib/libpam.2.dylib
0x00007fff2acb1000 	/usr/lib/libxar.1.dylib
0x00007fff28fc7000 	/System/Library/PrivateFrameworks/AppleSystemInfo.framework/Versions/A/AppleSystemInfo
0x00007fff29919000 	/System/Library/PrivateFrameworks/IOMobileFramebuffer.framework/Versions/A/IOMobileFramebuffer
0x00007fff2a23a000 	/usr/lib/libbz2.1.0.dylib
0x00007fff2a557000 	/usr/lib/libiconv.2.dylib
0x00007fff2a4ab000 	/usr/lib/libcharset.1.dylib
0x00007fff27120000 	/System/Library/Frameworks/CoreServices.framework/Versions/A/Frameworks/FSEvents.framework/Versions/A/FSEvents
0x00007fff2279f000 	/System/Library/Frameworks/CoreServices.framework/Versions/A/Frameworks/CarbonCore.framework/Versions/A/CarbonCore
0x00007fff26468000 	/System/Library/Frameworks/CoreServices.framework/Versions/A/Frameworks/Metadata.framework/Versions/A/Metadata
0x00007fff2a24d000 	/System/Library/Frameworks/CoreServices.framework/Versions/A/Frameworks/OSServices.framework/Versions/A/OSServices
0x00007fff2a6cc000 	/System/Library/Frameworks/CoreServices.framework/Versions/A/Frameworks/SearchKit.framework/Versions/A/SearchKit
0x00007fff261e9000 	/System/Library/Frameworks/CoreServices.framework/Versions/A/Frameworks/AE.framework/Versions/A/AE
0x00007fff20849000 	/System/Library/Frameworks/CoreServices.framework/Versions/A/Frameworks/LaunchServices.framework/Versions/A/LaunchServices
0x00007fff2ab4c000 	/System/Library/Frameworks/CoreServices.framework/Versions/A/Frameworks/DictionaryServices.framework/Versions/A/DictionaryServices
0x00007fff27129000 	/System/Library/Frameworks/CoreServices.framework/Versions/A/Frameworks/SharedFileList.framework/Versions/A/SharedFileList
0x00007fff29cca000 	/usr/lib/libCheckFix.dylib
0x00007fff24b87000 	/System/Library/PrivateFrameworks/TCC.framework/Versions/A/TCC
0x00007fff28fcd000 	/System/Library/PrivateFrameworks/CoreNLP.framework/Versions/A/CoreNLP
0x00007fff2641b000 	/System/Library/PrivateFrameworks/MetadataUtilities.framework/Versions/A/MetadataUtilities
0x00007fff20f20000 	/usr/lib/libmecabra.dylib
0x00007fff29fdd000 	/System/Library/Frameworks/MLCompute.framework/Versions/A/MLCompute
0x00007fff29cff000 	/usr/lib/libmecab.dylib
0x00007fff29d49000 	/usr/lib/libgermantok.dylib
0x00007fff2a734000 	/usr/lib/libThaiTokenizer.dylib
0x00007fff2acec000 	/usr/lib/libChineseTokenizer.dylib
0x00007fff2a789000 	/System/Library/Frameworks/MetalPerformanceShaders.framework/Versions/A/MetalPerformanceShaders
0x00007fff2650a000 	/System/Library/Frameworks/Accelerate.framework/Versions/A/Frameworks/vImage.framework/Versions/A/vImage
0x00007fff2febc000 	/System/Library/Frameworks/Accelerate.framework/Versions/A/Frameworks/vecLib.framework/Versions/A/vecLib
0x00007fff2acf7000 	/System/Library/Frameworks/Accelerate.framework/Versions/A/Frameworks/vecLib.framework/Versions/A/libvMisc.dylib
0x00007fff29732000 	/System/Library/Frameworks/Accelerate.framework/Versions/A/Frameworks/vecLib.framework/Versions/A/libvDSP.dylib
0x00007fff20b4c000 	/System/Library/Frameworks/Accelerate.framework/Versions/A/Frameworks/vecLib.framework/Versions/A/libBLAS.dylib
0x00007fff2a7af000 	/System/Library/Frameworks/Accelerate.framework/Versions/A/Frameworks/vecLib.framework/Versions/A/libLAPACK.dylib
0x00007fff29d4f000 	/System/Library/Frameworks/Accelerate.framework/Versions/A/Frameworks/vecLib.framework/Versions/A/libLinearAlgebra.dylib
0x00007fff2a776000 	/System/Library/Frameworks/Accelerate.framework/Versions/A/Frameworks/vecLib.framework/Versions/A/libSparseBLAS.dylib
0x00007fff2a7a9000 	/System/Library/Frameworks/Accelerate.framework/Versions/A/Frameworks/vecLib.framework/Versions/A/libQuadrature.dylib
0x00007fff29075000 	/System/Library/Frameworks/Accelerate.framework/Versions/A/Frameworks/vecLib.framework/Versions/A/libBNNS.dylib
0x00007fff20dfe000 	/System/Library/Frameworks/Accelerate.framework/Versions/A/Frameworks/vecLib.framework/Versions/A/libSparse.dylib
0x00007fff28f60000 	/System/Library/Frameworks/MetalPerformanceShaders.framework/Versions/A/Frameworks/MPSCore.framework/Versions/A/MPSCore
0x00007fff2a199000 	/System/Library/Frameworks/MetalPerformanceShaders.framework/Versions/A/Frameworks/MPSImage.framework/Versions/A/MPSImage
0x00007fff29d65000 	/System/Library/Frameworks/MetalPerformanceShaders.framework/Versions/A/Frameworks/MPSNeuralNetwork.framework/Versions/A/MPSNeuralNetwork
0x00007fff2a124000 	/System/Library/Frameworks/MetalPerformanceShaders.framework/Versions/A/Frameworks/MPSMatrix.framework/Versions/A/MPSMatrix
0x00007fff29f8d000 	/System/Library/Frameworks/MetalPerformanceShaders.framework/Versions/A/Frameworks/MPSRayIntersector.framework/Versions/A/MPSRayIntersector
0x00007fff2a15b000 	/System/Library/Frameworks/MetalPerformanceShaders.framework/Versions/A/Frameworks/MPSNDArray.framework/Versions/A/MPSNDArray
0x00007fff20a78000 	/System/Library/PrivateFrameworks/MetalTools.framework/Versions/A/MetalTools
0x00007fff28fc5000 	/System/Library/PrivateFrameworks/AggregateDictionary.framework/Versions/A/AggregateDictionary
0x00007fff263f3000 	/System/Library/PrivateFrameworks/CoreAnalytics.framework/Versions/A/CoreAnalytics
0x00007fff2a736000 	/System/Library/PrivateFrameworks/AppleSauce.framework/Versions/A/AppleSauce
0x00007fff282d0000 	/System/Library/PrivateFrameworks/IOAccelerator.framework/Versions/A/IOAccelerator
0x00007fff6b3bf000 	/System/Library/Frameworks/OpenGL.framework/Versions/A/Libraries/libCoreFSCache.dylib
0x00007fff214bb000 	/System/Library/PrivateFrameworks/LanguageModeling.framework/Versions/A/LanguageModeling
0x00007fff29906000 	/System/Library/PrivateFrameworks/CoreEmoji.framework/Versions/A/CoreEmoji
0x00007fff2906e000 	/System/Library/PrivateFrameworks/LinguisticData.framework/Versions/A/LinguisticData
0x00007fff20db0000 	/System/Library/PrivateFrameworks/Lexicon.framework/Versions/A/Lexicon
0x00007fff2a648000 	/usr/lib/libcmph.dylib
0x00007fff27100000 	/System/Library/Frameworks/OpenDirectory.framework/Versions/A/Frameworks/CFOpenDirectory.framework/Versions/A/CFOpenDirectory
0x00007fff270f0000 	/System/Library/Frameworks/OpenDirectory.framework/Versions/A/OpenDirectory
0x00007fff2abb6000 	/System/Library/PrivateFrameworks/APFS.framework/Versions/A/APFS
0x00007fff29c2b000 	/System/Library/Frameworks/SecurityFoundation.framework/Versions/A/SecurityFoundation
0x00007fff2acbf000 	/usr/lib/libutil.dylib
0x00007fff22ac6000 	/System/Library/PrivateFrameworks/CoreServicesStore.framework/Versions/A/CoreServicesStore
0x00007fff29cc2000 	/System/Library/Frameworks/ServiceManagement.framework/Versions/A/ServiceManagement
0x00007fff2acc3000 	/usr/lib/libxslt.1.dylib
0x00007fff29cb8000 	/System/Library/PrivateFrameworks/BackgroundTaskManagement.framework/Versions/A/BackgroundTaskManagement
0x00007fff2bcb3000 	/System/Library/Frameworks/ImageIO.framework/Versions/A/Resources/libRadiance.dylib
0x00007fff2bcbd000 	/System/Library/Frameworks/ImageIO.framework/Versions/A/Resources/libJPEG.dylib
0x00007fff2bc0a000 	/System/Library/Frameworks/ImageIO.framework/Versions/A/Resources/libPng.dylib
0x00007fff2bc31000 	/System/Library/Frameworks/ImageIO.framework/Versions/A/Resources/libTIFF.dylib
0x00007fff2bd12000 	/System/Library/Frameworks/ImageIO.framework/Versions/A/Resources/libGIF.dylib
0x00007fff2b96d000 	/System/Library/Frameworks/ImageIO.framework/Versions/A/Resources/libJP2.dylib
0x00007fff2b059000 	/usr/lib/libexpat.1.dylib
0x00007fff2b923000 	/System/Library/PrivateFrameworks/AppleJPEG.framework/Versions/A/AppleJPEG
0x00007fff2850b000 	/System/Library/PrivateFrameworks/FontServices.framework/libFontParser.dylib
0x00007fff2619d000 	/System/Library/PrivateFrameworks/RunningBoardServices.framework/Versions/A/RunningBoardServices
0x00007fff2ba4c000 	/System/Library/PrivateFrameworks/WatchdogClient.framework/Versions/A/WatchdogClient
0x00007fff215a8000 	/System/Library/Frameworks/CoreDisplay.framework/Versions/A/CoreDisplay
0x00007fff28420000 	/System/Library/Frameworks/CoreMedia.framework/Versions/A/CoreMedia
0x00007fff2727d000 	/System/Library/Frameworks/CoreVideo.framework/Versions/A/CoreVideo
0x00007fff2ba84000 	/System/Library/Frameworks/VideoToolbox.framework/Versions/A/VideoToolbox
0x00007fff2611b000 	/System/Library/PrivateFrameworks/BaseBoard.framework/Versions/A/BaseBoard
0x00007fff2b19e000 	/System/Library/PrivateFrameworks/PersistentConnection.framework/Versions/A/PersistentConnection
0x00007fff25eae000 	/System/Library/PrivateFrameworks/ProtocolBuffer.framework/Versions/A/ProtocolBuffer
0x00007fff26102000 	/System/Library/PrivateFrameworks/CommonUtilities.framework/Versions/A/CommonUtilities
0x00007fff2b8b8000 	/System/Library/PrivateFrameworks/Bom.framework/Versions/A/Bom
0x00007fff2bcac000 	/System/Library/PrivateFrameworks/GPUWrangler.framework/Versions/A/GPUWrangler
0x00007fff2bc8f000 	/System/Library/PrivateFrameworks/IOPresentment.framework/Versions/A/IOPresentment
0x00007fff2bcb7000 	/System/Library/PrivateFrameworks/DSExternalDisplay.framework/Versions/A/DSExternalDisplay
0x00007fff2bd17000 	/System/Library/PrivateFrameworks/CMCaptureCore.framework/Versions/A/CMCaptureCore
0x00007fff2b63e000 	/System/Library/PrivateFrameworks/AppServerSupport.framework/Versions/A/AppServerSupport
0x00007fff2d6e4000 	/System/Library/PrivateFrameworks/perfdata.framework/Versions/A/perfdata
0x00007fff29c1a000 	/System/Library/PrivateFrameworks/AssertionServices.framework/Versions/A/AssertionServices
0x00007fff216df000 	/System/Library/PrivateFrameworks/AudioToolboxCore.framework/Versions/A/AudioToolboxCore
0x00007fff28403000 	/System/Library/PrivateFrameworks/caulk.framework/Versions/A/caulk
0x00007fff3c97e000 	/System/Library/PrivateFrameworks/SystemPolicy.framework/Versions/A/SystemPolicy
0x00007fff2ae4f000 	/usr/lib/libIOReport.dylib
0x00007fff2cf06000 	/usr/lib/libSMC.dylib
0x00007fff2bbd7000 	/usr/lib/libAudioToolboxUtility.dylib
0x00007fff3d2e3000 	/usr/lib/libmis.dylib
0x00007fff6b41b000 	/System/Library/Frameworks/OpenGL.framework/Versions/A/Libraries/libGLU.dylib
0x00007fff6b3de000 	/System/Library/Frameworks/OpenGL.framework/Versions/A/Libraries/libGFXShared.dylib
0x00007fff6b5ed000 	/System/Library/Frameworks/OpenGL.framework/Versions/A/Libraries/libGL.dylib
0x00007fff6b3e7000 	/System/Library/Frameworks/OpenGL.framework/Versions/A/Libraries/libGLImage.dylib
0x00007fff6b3db000 	/System/Library/Frameworks/OpenGL.framework/Versions/A/Libraries/libCVMSPluginSupport.dylib
0x00007fff6b3c6000 	/System/Library/Frameworks/OpenGL.framework/Versions/A/Libraries/libCoreVMClient.dylib
0x00007fff6ca2e000 	/System/Library/Frameworks/OpenCL.framework/Versions/A/OpenCL
0x00007fff2b1c8000 	/System/Library/PrivateFrameworks/GraphVisualizer.framework/Versions/A/GraphVisualizer
0x00007fff2b1d7000 	/System/Library/PrivateFrameworks/FaceCore.framework/Versions/A/FaceCore
0x00007fff2b5f3000 	/System/Library/PrivateFrameworks/OTSVG.framework/Versions/A/OTSVG
0x00007fff26e74000 	/System/Library/Frameworks/ApplicationServices.framework/Versions/A/Frameworks/ATS.framework/Versions/A/Resources/libFontRegistry.dylib
0x00007fff2b645000 	/System/Library/PrivateFrameworks/FontServices.framework/libhvf.dylib
0x00007fff2b005000 	/System/Library/PrivateFrameworks/AppleVA.framework/Versions/A/AppleVA
0x00007fff2cd4f000 	/System/Library/Frameworks/ApplicationServices.framework/Versions/A/Frameworks/ATS.framework/Versions/A/ATS
0x00007fff2d061000 	/System/Library/Frameworks/ApplicationServices.framework/Versions/A/Frameworks/ColorSyncLegacy.framework/Versions/A/ColorSyncLegacy
0x00007fff25689000 	/System/Library/Frameworks/ApplicationServices.framework/Versions/A/Frameworks/HIServices.framework/Versions/A/HIServices
0x00007fff2d046000 	/System/Library/Frameworks/ApplicationServices.framework/Versions/A/Frameworks/LangAnalysis.framework/Versions/A/LangAnalysis
0x00007fff2bd21000 	/System/Library/Frameworks/ApplicationServices.framework/Versions/A/Frameworks/PrintCore.framework/Versions/A/PrintCore
0x00007fff2d069000 	/System/Library/Frameworks/ApplicationServices.framework/Versions/A/Frameworks/QD.framework/Versions/A/QD
0x00007fff2cd3f000 	/System/Library/Frameworks/ApplicationServices.framework/Versions/A/Frameworks/SpeechSynthesis.framework/Versions/A/SpeechSynthesis
0x00007fff2bce2000 	/System/Library/Frameworks/ApplicationServices.framework/Versions/A/Frameworks/ATSUI.framework/Versions/A/ATSUI
0x00007fff2cfe6000 	/usr/lib/libcups.2.dylib
0x00007fff2d056000 	/System/Library/PrivateFrameworks/NetAuth.framework/Versions/A/NetAuth
0x00007fff2d700000 	/System/Library/Frameworks/Kerberos.framework/Versions/A/Kerberos
0x00007fff2d710000 	/System/Library/Frameworks/GSS.framework/Versions/A/GSS
0x00007fff2cdbb000 	/usr/lib/libresolv.9.dylib
0x00007fff2b65a000 	/System/Library/PrivateFrameworks/Heimdal.framework/Versions/A/Heimdal
0x00007fff33477000 	/System/Library/Frameworks/Kerberos.framework/Versions/A/Libraries/libHeimdalProxy.dylib
0x00007fff2626e000 	/System/Library/Frameworks/Network.framework/Versions/A/Network
0x00007fff2b073000 	/usr/lib/libheimdal-asn1.dylib
0x00007fff2d760000 	/System/Library/PrivateFrameworks/CommonAuth.framework/Versions/A/CommonAuth
0x00007fff272ca000 	/System/Library/PrivateFrameworks/login.framework/Versions/A/Frameworks/loginsupport.framework/Versions/A/loginsupport
0x00007fff2ccc4000 	/System/Library/PrivateFrameworks/AudioSession.framework/Versions/A/AudioSession
0x00007fff2cd2c000 	/usr/lib/libAudioStatistics.dylib
0x00007fff2b100000 	/System/Library/PrivateFrameworks/MediaExperience.framework/Versions/A/MediaExperience
0x00007fff2cb62000 	/System/Library/PrivateFrameworks/AudioSession.framework/libSessionUtility.dylib
0x00007fff2d6f1000 	/usr/lib/libperfcheck.dylib
0x00007fff2d075000 	/System/Library/PrivateFrameworks/AudioResourceArbitration.framework/Versions/A/AudioResourceArbitration
0x00007fff2b07d000 	/System/Library/PrivateFrameworks/IconFoundation.framework/Versions/A/IconFoundation
0x00007fff2fb86000 	/System/Library/PrivateFrameworks/SpeechRecognitionCore.framework/Versions/A/SpeechRecognitionCore
0x0000000112000000 	/Library/Java/JavaVirtualMachines/jdk1.8.0_261.jdk/Contents/Home/jre/lib/server/libjvm.dylib
0x000000010d808000 	/Library/Java/JavaVirtualMachines/jdk1.8.0_261.jdk/Contents/Home/jre/lib/libverify.dylib
0x000000010d819000 	/Library/Java/JavaVirtualMachines/jdk1.8.0_261.jdk/Contents/Home/jre/lib/libjava.dylib
0x000000010d84d000 	/Library/Java/JavaVirtualMachines/jdk1.8.0_261.jdk/Contents/Home/jre/lib/libinstrument.dylib
0x000000010d8bc000 	/Library/Java/JavaVirtualMachines/jdk1.8.0_261.jdk/Contents/Home/jre/lib/libzip.dylib
0x0000000115d7e000 	/Library/Java/JavaVirtualMachines/jdk1.8.0_261.jdk/Contents/Home/jre/lib/libnet.dylib
0x0000000115e2e000 	/Library/Java/JavaVirtualMachines/jdk1.8.0_261.jdk/Contents/Home/jre/lib/libprism_es2.dylib
0x00007fff22a87000 	/System/Library/PrivateFrameworks/CoreServicesInternal.framework/Versions/A/CoreServicesInternal
0x00007fff6b5f8000 	/System/Library/Frameworks/OpenGL.framework/Versions/A/Resources/GLEngine.bundle/GLEngine
0x00007fff6b458000 	/System/Library/Frameworks/OpenGL.framework/Versions/A/Libraries/libGLProgrammability.dylib
0x00007fff5e67c000 	/System/Library/Extensions/AppleIntelKBLGraphicsGLDriver.bundle/Contents/MacOS/AppleIntelKBLGraphicsGLDriver
0x00007fff46121000 	/System/Library/PrivateFrameworks/GPUSupport.framework/Versions/A/Libraries/libGPUSupportMercury.dylib
0x00007fff6b774000 	/System/Library/Frameworks/OpenGL.framework/Versions/A/Resources/GLRendererFloat.bundle/GLRendererFloat
0x00000001162ca000 	/Library/Java/JavaVirtualMachines/jdk1.8.0_261.jdk/Contents/Home/jre/lib/libglass.dylib
0x00007fff3108c000 	/System/Library/Frameworks/FileProvider.framework/Versions/A/FileProvider
0x00007fff26085000 	/System/Library/Frameworks/Accounts.framework/Versions/A/Accounts
0x00007fff311ad000 	/System/Library/PrivateFrameworks/GenerationalStorage.framework/Versions/A/GenerationalStorage
0x00007fff31b66000 	/System/Library/PrivateFrameworks/CoreSymbolication.framework/Versions/A/CoreSymbolication
0x00007fff30aab000 	/System/Library/PrivateFrameworks/SymptomDiagnosticReporter.framework/Versions/A/SymptomDiagnosticReporter
0x00007fff2e39d000 	/System/Library/PrivateFrameworks/AppContainer.framework/Versions/A/AppContainer
0x00007fff23bcb000 	/System/Library/PrivateFrameworks/DesktopServicesPriv.framework/Versions/A/DesktopServicesPriv
0x00007fff22bbb000 	/usr/lib/libsandbox.1.dylib
0x00007fff272f6000 	/System/Library/PrivateFrameworks/UserManagement.framework/Versions/A/UserManagement
0x00007fff29bf7000 	/System/Library/PrivateFrameworks/MobileKeyBag.framework/Versions/A/MobileKeyBag
0x00007fff344e2000 	/System/Library/PrivateFrameworks/ChunkingLibrary.framework/Versions/A/ChunkingLibrary
0x00007fff31b29000 	/System/Library/PrivateFrameworks/DebugSymbols.framework/Versions/A/DebugSymbols
0x00007fff2e3b2000 	/System/Library/PrivateFrameworks/SecCodeWrapper.framework/Versions/A/SecCodeWrapper
0x00007fff2ae57000 	/System/Library/PrivateFrameworks/CrashReporterSupport.framework/Versions/A/CrashReporterSupport
0x00007fff4777e000 	/System/Library/PrivateFrameworks/OSAnalytics.framework/Versions/A/OSAnalytics
0x00007fff78398000 	/usr/lib/libRosetta.dylib
0x00007fff32ec7000 	/System/Library/PrivateFrameworks/RemoteServiceDiscovery.framework/Versions/A/RemoteServiceDiscovery
0x00007fff5124e000 	/System/Library/PrivateFrameworks/Symbolication.framework/Versions/A/Symbolication
0x00007fff32ed7000 	/System/Library/PrivateFrameworks/RemoteXPC.framework/Versions/A/RemoteXPC
0x00007fff391cc000 	/System/Library/PrivateFrameworks/OSAServicesClient.framework/Versions/A/OSAServicesClient
0x00007fff3d2c2000 	/System/Library/PrivateFrameworks/MallocStackLogging.framework/Versions/A/MallocStackLogging
0x00007fff2e135000 	/System/Library/PrivateFrameworks/Sharing.framework/Versions/A/Sharing
0x00007fff32aa4000 	/System/Library/PrivateFrameworks/Apple80211.framework/Versions/A/Apple80211
0x00007fff2a27b000 	/System/Library/PrivateFrameworks/AuthKit.framework/Versions/A/AuthKit
0x00007fff299f7000 	/System/Library/PrivateFrameworks/CoreUtils.framework/Versions/A/CoreUtils
0x00007fff29924000 	/System/Library/Frameworks/CoreWLAN.framework/Versions/A/CoreWLAN
0x00007fff2e27c000 	/System/Library/Frameworks/IOBluetooth.framework/Versions/A/IOBluetooth
0x00007fff32b08000 	/System/Library/PrivateFrameworks/CoreWiFi.framework/Versions/A/CoreWiFi
0x00007fff2d7e6000 	/System/Library/PrivateFrameworks/CorePhoneNumbers.framework/Versions/A/CorePhoneNumbers
0x00007fff30bb3000 	/System/Library/PrivateFrameworks/DiskManagement.framework/Versions/A/DiskManagement
0x00007fff30ac9000 	/System/Library/PrivateFrameworks/AppleIDAuthSupport.framework/Versions/A/AppleIDAuthSupport
0x00007fff2d7c3000 	/System/Library/PrivateFrameworks/KeychainCircle.framework/Versions/A/KeychainCircle
0x00007fff30b7f000 	/System/Library/PrivateFrameworks/MediaKit.framework/Versions/A/MediaKit
0x00007fff30ad6000 	/System/Library/Frameworks/DiscRecording.framework/Versions/A/DiscRecording
0x00007fff2af79000 	/usr/lib/libCoreStorage.dylib
0x00007fff32f42000 	/usr/lib/libcsfde.dylib
0x00007fff2e3b6000 	/System/Library/PrivateFrameworks/ProtectedCloudStorage.framework/Versions/A/ProtectedCloudStorage
0x00007fff32f3a000 	/System/Library/PrivateFrameworks/EFILogin.framework/Versions/A/EFILogin
0x00007fff3352a000 	/System/Library/Frameworks/AudioUnit.framework/Versions/A/AudioUnit
0x00007fff30a15000 	/System/Library/Frameworks/CoreBluetooth.framework/Versions/A/CoreBluetooth
0x00007fff2af71000 	/usr/lib/libMatch.1.dylib
0x000000011689e000 	/usr/lib/libobjc-trampolines.dylib
0x00007fff40e97000 	/System/Library/Frameworks/Accelerate.framework/Versions/A/Frameworks/vImage.framework/Versions/A/Libraries/libCGInterfaces.dylib
0x00007fff26ff8000 	/System/Library/PrivateFrameworks/ViewBridge.framework/Versions/A/ViewBridge
0x00007fff2b71b000 	/System/Library/PrivateFrameworks/login.framework/Versions/A/login
0x000000012e65b000 	/Library/Java/JavaVirtualMachines/jdk1.8.0_261.jdk/Contents/Home/jre/lib/libawt.dylib
0x000000012e6fb000 	/Library/Java/JavaVirtualMachines/jdk1.8.0_261.jdk/Contents/Home/jre/lib/libmlib_image.dylib
0x00007fff6e452000 	/System/Library/Frameworks/JavaNativeFoundation.framework/Versions/A/JavaNativeFoundation
0x00007fff6e45e000 	/System/Library/Frameworks/JavaRuntimeSupport.framework/Versions/A/JavaRuntimeSupport
0x00007fff3c700000 	/System/Library/Frameworks/Carbon.framework/Versions/A/Carbon
0x00007fff36366000 	/System/Library/Frameworks/Carbon.framework/Versions/A/Frameworks/CommonPanels.framework/Versions/A/CommonPanels
0x00007fff32f36000 	/System/Library/Frameworks/Carbon.framework/Versions/A/Frameworks/Help.framework/Versions/A/Help
0x00007fff3636a000 	/System/Library/Frameworks/Carbon.framework/Versions/A/Frameworks/ImageCapture.framework/Versions/A/ImageCapture
0x00007fff36342000 	/System/Library/Frameworks/Carbon.framework/Versions/A/Frameworks/OpenScripting.framework/Versions/A/OpenScripting
0x00007fff36362000 	/System/Library/Frameworks/Carbon.framework/Versions/A/Frameworks/Ink.framework/Versions/A/Ink
0x00007fff3c6fc000 	/System/Library/Frameworks/Carbon.framework/Versions/A/Frameworks/Print.framework/Versions/A/Print
0x00007fff3635e000 	/System/Library/Frameworks/Carbon.framework/Versions/A/Frameworks/SecurityHI.framework/Versions/A/SecurityHI
0x000000012e7ba000 	/Library/Java/JavaVirtualMachines/jdk1.8.0_261.jdk/Contents/Home/jre/lib/libawt_lwawt.dylib
0x000000012ced2000 	/Library/Java/JavaVirtualMachines/jdk1.8.0_261.jdk/Contents/Home/jre/lib/libosxapp.dylib
0x00007fff3bd88000 	/System/Library/Frameworks/ExceptionHandling.framework/Versions/A/ExceptionHandling
0x000000012f061000 	/Library/Java/JavaVirtualMachines/jdk1.8.0_261.jdk/Contents/Home/jre/lib/libfontmanager.dylib
0x000000012f0c2000 	/Library/Java/JavaVirtualMachines/jdk1.8.0_261.jdk/Contents/Home/jre/lib/libosxui.dylib
0x0000000131182000 	/Library/Java/JavaVirtualMachines/jdk1.8.0_261.jdk/Contents/Home/jre/lib/libjavafx_font.dylib
0x0000000131c46000 	/Library/Java/JavaVirtualMachines/jdk1.8.0_261.jdk/Contents/Home/jre/lib/libnio.dylib

VM Arguments:
jvm_args: -javaagent:/Applications/IntelliJ IDEA.app/Contents/lib/idea_rt.jar=54858:/Applications/IntelliJ IDEA.app/Contents/bin -Dfile.encoding=UTF-8 
java_command: sample.Main
java_class_path (initial): /Library/Java/JavaVirtualMachines/jdk1.8.0_261.jdk/Contents/Home/jre/lib/charsets.jar:/Library/Java/JavaVirtualMachines/jdk1.8.0_261.jdk/Contents/Home/jre/lib/deploy.jar:/Library/Java/JavaVirtualMachines/jdk1.8.0_261.jdk/Contents/Home/jre/lib/ext/cldrdata.jar:/Library/Java/JavaVirtualMachines/jdk1.8.0_261.jdk/Contents/Home/jre/lib/ext/dnsns.jar:/Library/Java/JavaVirtualMachines/jdk1.8.0_261.jdk/Contents/Home/jre/lib/ext/jaccess.jar:/Library/Java/JavaVirtualMachines/jdk1.8.0_261.jdk/Contents/Home/jre/lib/ext/jfxrt.jar:/Library/Java/JavaVirtualMachines/jdk1.8.0_261.jdk/Contents/Home/jre/lib/ext/localedata.jar:/Library/Java/JavaVirtualMachines/jdk1.8.0_261.jdk/Contents/Home/jre/lib/ext/nashorn.jar:/Library/Java/JavaVirtualMachines/jdk1.8.0_261.jdk/Contents/Home/jre/lib/ext/sunec.jar:/Library/Java/JavaVirtualMachines/jdk1.8.0_261.jdk/Contents/Home/jre/lib/ext/sunjce_provider.jar:/Library/Java/JavaVirtualMachines/jdk1.8.0_261.jdk/Contents/Home/jre/lib/ext/sunpkcs11.jar:/Library/Java/JavaVirtualMachines/jdk1.8.0_261.jdk/Contents/Home/jre/lib/ext/zipfs.jar:/Library/Java/JavaVirtualMachines/jdk1.8.0_261.jdk/Contents/Home/jre/lib/javaws.jar:/Library/Java/JavaVirtualMachines/jdk1.8.0_261.jdk/Contents/Home/jre/lib/jce.jar:/Library/Java/JavaVirtualMachines/jdk1.8.0_261.jdk/Contents/Home/jre/lib/jfr.jar:/Library/Java/JavaVirtualMachines/jdk1.8.0_261.jdk/Contents/Home/jre/lib/jfxswt.jar:/Library/Java/JavaVirtualMachines/jdk1.8.0_261.jdk/Contents/Home/jre/lib/jsse.jar:/Library/Java/JavaVirtualMachines/jdk1.8.0_261.jdk/Contents/Home/jre/lib/management-agent.jar:/Library/Java/JavaVirtualMachines/jdk1.8.0_261.jdk/Contents/Home/jre/lib/plugin.jar:/Library/Java/JavaVirtualMachines/jdk1.8.0_261.jdk/Contents/Home/jre/lib/resources.jar:/Library/Java/JavaVirtualMachines/jdk1.8.0_261.jdk/Contents/Home/jre/lib/rt.jar:/Library/Java/JavaVirtualMachines/jdk1.8.0_261.jdk/Contents/Home/lib/ant-javafx.jar:/Library/Java/JavaVirtualMachines/jdk1.8.0_261.jdk/Contents/Home
Launcher Type: SUN_STANDARD

Environment Variables:
PATH=/Users/anadvorac/opt/anaconda3/bin:/Users/anadvorac/opt/anaconda3/condabin:/usr/local/bin:/usr/bin:/bin:/usr/sbin:/sbin:/Library/TeX/texbin:/usr/local/share/dotnet:~/.dotnet/tools:/Library/Apple/usr/bin:/Library/Frameworks/Mono.framework/Versions/Current/Commands:/Applications/Xamarin Workbooks.app/Contents/SharedSupport/path-bin
SHELL=/bin/bash

Signal Handlers:
SIGSEGV: [libjvm.dylib+0x5a009b], sa_mask[0]=11111111011111110111111111111111, sa_flags=SA_ONSTACK|SA_RESTART|SA_SIGINFO
SIGBUS: [libjvm.dylib+0x5a009b], sa_mask[0]=11111111011111110111111111111111, sa_flags=SA_RESTART|SA_SIGINFO
SIGFPE: [libjvm.dylib+0x490c6d], sa_mask[0]=11111111011111110111111111111111, sa_flags=SA_RESTART|SA_SIGINFO
SIGPIPE: [libjvm.dylib+0x490c6d], sa_mask[0]=11111111011111110111111111111111, sa_flags=SA_RESTART|SA_SIGINFO
SIGXFSZ: [libjvm.dylib+0x490c6d], sa_mask[0]=11111111011111110111111111111111, sa_flags=SA_RESTART|SA_SIGINFO
SIGILL: [libjvm.dylib+0x490c6d], sa_mask[0]=11111111011111110111111111111111, sa_flags=SA_RESTART|SA_SIGINFO
SIGUSR1: SIG_DFL, sa_mask[0]=00000000000000000000000000000000, sa_flags=none
SIGUSR2: [libjvm.dylib+0x491566], sa_mask[0]=00100000000000000000000000000000, sa_flags=SA_RESTART|SA_SIGINFO
SIGHUP: [libjvm.dylib+0x48f775], sa_mask[0]=11111111011111110111111111111111, sa_flags=SA_RESTART|SA_SIGINFO
SIGINT: [libjvm.dylib+0x48f775], sa_mask[0]=11111111011111110111111111111111, sa_flags=SA_RESTART|SA_SIGINFO
SIGTERM: [libjvm.dylib+0x48f775], sa_mask[0]=11111111011111110111111111111111, sa_flags=SA_RESTART|SA_SIGINFO
SIGQUIT: [libjvm.dylib+0x48f775], sa_mask[0]=11111111011111110111111111111111, sa_flags=SA_RESTART|SA_SIGINFO


---------------  S Y S T E M  ---------------

OS:Bsduname:Darwin 20.1.0 Darwin Kernel Version 20.1.0: Sat Oct 31 00:07:11 PDT 2020; root:xnu-7195.50.7~2/RELEASE_X86_64 x86_64
rlimit: STACK 8192k, CORE 0k, NPROC 1392, NOFILE 10240, AS infinity
load average:1.99 2.05 2.16

CPU:total 8 (initial active 8) (4 cores per cpu, 2 threads per core) family 6 model 142 stepping 10, cmov, cx8, fxsr, mmx, sse, sse2, sse3, ssse3, sse4.1, sse4.2, popcnt, avx, avx2, aes, clmul, erms, 3dnowpref, lzcnt, ht, tsc, tscinvbit, bmi1, bmi2, adx

Memory: 4k page, physical 8388608k(52416k free)

/proc/meminfo:


vm_info: Java HotSpot(TM) 64-Bit Server VM (25.261-b12) for bsd-amd64 JRE (1.8.0_261-b12), built on Jun 18 2020 06:38:55 by "java_re" with gcc 4.2.1 Compatible Apple LLVM 10.0.0 (clang-1000.11.45.5)

time: Wed Dec 16 01:11:15 2020
timezone: EET
elapsed time: 5 seconds (0d 0h 0m 5s)

